{"/home/willane/quizApp/src/assets/styles.js": {"path":"/home/willane/quizApp/src/assets/styles.js","statementMap":{"0":{"start":{"line":1,"column":19},"end":{"line":13,"column":1}}},"fnMap":{},"branchMap":{},"s":{"0":4},"f":{},"b":{},"_coverageSchema":"1a1c01bbd47fc00a2c39e90264f33305004495a9","hash":"a18195d42f5922ea0f20c2a475571fbf5124675f"}
,"/home/willane/quizApp/src/components/Button/Button.js": {"path":"/home/willane/quizApp/src/components/Button/Button.js","statementMap":{"0":{"start":{"line":4,"column":15},"end":{"line":12,"column":1}},"1":{"start":{"line":5,"column":2},"end":{"line":11,"column":4}},"2":{"start":{"line":7,"column":21},"end":{"line":7,"column":40}},"3":{"start":{"line":16,"column":15},"end":{"line":32,"column":2}}},"fnMap":{"0":{"name":"(anonymous_0)","decl":{"start":{"line":4,"column":15},"end":{"line":4,"column":16}},"loc":{"start":{"line":4,"column":66},"end":{"line":12,"column":1}},"line":4},"1":{"name":"(anonymous_1)","decl":{"start":{"line":7,"column":15},"end":{"line":7,"column":16}},"loc":{"start":{"line":7,"column":21},"end":{"line":7,"column":40}},"line":7}},"branchMap":{},"s":{"0":4,"1":9,"2":1,"3":4},"f":{"0":9,"1":1},"b":{},"_coverageSchema":"1a1c01bbd47fc00a2c39e90264f33305004495a9","hash":"05a4b3e885bee7a5807271400b1115d7ac9aa16f"}
,"/home/willane/quizApp/src/config/redux/questions.js": {"path":"/home/willane/quizApp/src/config/redux/questions.js","statementMap":{"0":{"start":{"line":4,"column":19},"end":{"line":4,"column":31}},"1":{"start":{"line":5,"column":19},"end":{"line":5,"column":31}},"2":{"start":{"line":7,"column":30},"end":{"line":12,"column":2}},"3":{"start":{"line":7,"column":45},"end":{"line":12,"column":1}},"4":{"start":{"line":14,"column":21},"end":{"line":14,"column":47}},"5":{"start":{"line":14,"column":28},"end":{"line":14,"column":46}},"6":{"start":{"line":16,"column":22},"end":{"line":29,"column":1}},"7":{"start":{"line":31,"column":24},"end":{"line":79,"column":1}},"8":{"start":{"line":32,"column":2},"end":{"line":78,"column":3}},"9":{"start":{"line":34,"column":23},"end":{"line":37,"column":8}},"10":{"start":{"line":38,"column":28},"end":{"line":38,"column":49}},"11":{"start":{"line":39,"column":19},"end":{"line":39,"column":39}},"12":{"start":{"line":40,"column":24},"end":{"line":40,"column":44}},"13":{"start":{"line":41,"column":19},"end":{"line":41,"column":37}},"14":{"start":{"line":42,"column":54},"end":{"line":47,"column":8}},"15":{"start":{"line":48,"column":23},"end":{"line":48,"column":47}},"16":{"start":{"line":49,"column":22},"end":{"line":49,"column":44}},"17":{"start":{"line":51,"column":6},"end":{"line":62,"column":8}},"18":{"start":{"line":64,"column":6},"end":{"line":75,"column":8}},"19":{"start":{"line":77,"column":6},"end":{"line":77,"column":19}}},"fnMap":{"0":{"name":"(anonymous_0)","decl":{"start":{"line":7,"column":30},"end":{"line":7,"column":31}},"loc":{"start":{"line":7,"column":45},"end":{"line":12,"column":1}},"line":7},"1":{"name":"(anonymous_1)","decl":{"start":{"line":14,"column":21},"end":{"line":14,"column":22}},"loc":{"start":{"line":14,"column":28},"end":{"line":14,"column":46}},"line":14},"2":{"name":"(anonymous_2)","decl":{"start":{"line":31,"column":24},"end":{"line":31,"column":25}},"loc":{"start":{"line":31,"column":59},"end":{"line":79,"column":1}},"line":31}},"branchMap":{"0":{"loc":{"start":{"line":31,"column":25},"end":{"line":31,"column":46}},"type":"default-arg","locations":[{"start":{"line":31,"column":33},"end":{"line":31,"column":46}}],"line":31},"1":{"loc":{"start":{"line":32,"column":2},"end":{"line":78,"column":3}},"type":"switch","locations":[{"start":{"line":33,"column":4},"end":{"line":62,"column":8}},{"start":{"line":63,"column":4},"end":{"line":75,"column":8}},{"start":{"line":76,"column":4},"end":{"line":77,"column":19}}],"line":32}},"s":{"0":3,"1":3,"2":3,"3":0,"4":3,"5":1,"6":3,"7":3,"8":3,"9":1,"10":1,"11":1,"12":1,"13":1,"14":1,"15":1,"16":1,"17":1,"18":1,"19":1},"f":{"0":0,"1":1,"2":3},"b":{"0":[0],"1":[1,1,1]},"_coverageSchema":"1a1c01bbd47fc00a2c39e90264f33305004495a9","hash":"3b0e869a106de4c370a12cbe374b35aeae9bfa22"}
,"/home/willane/quizApp/src/pages/Home/Home.js": {"path":"/home/willane/quizApp/src/pages/Home/Home.js","statementMap":{"0":{"start":{"line":8,"column":13},"end":{"line":33,"column":1}},"1":{"start":{"line":9,"column":2},"end":{"line":32,"column":4}},"2":{"start":{"line":19,"column":31},"end":{"line":19,"column":62}},"3":{"start":{"line":26,"column":31},"end":{"line":26,"column":66}},"4":{"start":{"line":37,"column":15},"end":{"line":55,"column":2}}},"fnMap":{"0":{"name":"(anonymous_0)","decl":{"start":{"line":8,"column":13},"end":{"line":8,"column":14}},"loc":{"start":{"line":8,"column":31},"end":{"line":33,"column":1}},"line":8},"1":{"name":"(anonymous_1)","decl":{"start":{"line":19,"column":25},"end":{"line":19,"column":26}},"loc":{"start":{"line":19,"column":31},"end":{"line":19,"column":62}},"line":19},"2":{"name":"(anonymous_2)","decl":{"start":{"line":26,"column":25},"end":{"line":26,"column":26}},"loc":{"start":{"line":26,"column":31},"end":{"line":26,"column":66}},"line":26}},"branchMap":{},"s":{"0":1,"1":5,"2":1,"3":1,"4":1},"f":{"0":5,"1":1,"2":1},"b":{},"_coverageSchema":"1a1c01bbd47fc00a2c39e90264f33305004495a9","hash":"197202b465be7eccfcfe0e2083835c168563f4e4"}
,"/home/willane/quizApp/src/pages/Instructions/Instructions.js": {"path":"/home/willane/quizApp/src/pages/Instructions/Instructions.js","statementMap":{"0":{"start":{"line":5,"column":21},"end":{"line":15,"column":1}},"1":{"start":{"line":6,"column":2},"end":{"line":14,"column":4}},"2":{"start":{"line":19,"column":15},"end":{"line":26,"column":2}}},"fnMap":{"0":{"name":"(anonymous_0)","decl":{"start":{"line":5,"column":21},"end":{"line":5,"column":22}},"loc":{"start":{"line":5,"column":27},"end":{"line":15,"column":1}},"line":5}},"branchMap":{},"s":{"0":1,"1":1,"2":1},"f":{"0":1},"b":{},"_coverageSchema":"1a1c01bbd47fc00a2c39e90264f33305004495a9","hash":"b63eb7f7f35348a92385ee0dc0ccacd5e6ae56a5"}
,"/home/willane/quizApp/src/pages/Question/Question.js": {"path":"/home/willane/quizApp/src/pages/Question/Question.js","statementMap":{"0":{"start":{"line":10,"column":17},"end":{"line":62,"column":1}},"1":{"start":{"line":11,"column":19},"end":{"line":11,"column":32}},"2":{"start":{"line":12,"column":20},"end":{"line":12,"column":56}},"3":{"start":{"line":12,"column":41},"end":{"line":12,"column":55}},"4":{"start":{"line":13,"column":42},"end":{"line":13,"column":56}},"5":{"start":{"line":15,"column":21},"end":{"line":21,"column":3}},"6":{"start":{"line":16,"column":4},"end":{"line":19,"column":5}},"7":{"start":{"line":17,"column":6},"end":{"line":17,"column":29}},"8":{"start":{"line":18,"column":6},"end":{"line":18,"column":44}},"9":{"start":{"line":20,"column":4},"end":{"line":20,"column":16}},"10":{"start":{"line":23,"column":31},"end":{"line":26,"column":3}},"11":{"start":{"line":24,"column":4},"end":{"line":24,"column":35}},"12":{"start":{"line":25,"column":4},"end":{"line":25,"column":17}},"13":{"start":{"line":28,"column":28},"end":{"line":36,"column":3}},"14":{"start":{"line":29,"column":4},"end":{"line":35,"column":6}},"15":{"start":{"line":37,"column":2},"end":{"line":61,"column":4}},"16":{"start":{"line":49,"column":36},"end":{"line":49,"column":40}},"17":{"start":{"line":65,"column":15},"end":{"line":71,"column":2}}},"fnMap":{"0":{"name":"(anonymous_0)","decl":{"start":{"line":10,"column":17},"end":{"line":10,"column":18}},"loc":{"start":{"line":10,"column":35},"end":{"line":62,"column":1}},"line":10},"1":{"name":"(anonymous_1)","decl":{"start":{"line":12,"column":32},"end":{"line":12,"column":33}},"loc":{"start":{"line":12,"column":41},"end":{"line":12,"column":55}},"line":12},"2":{"name":"(anonymous_2)","decl":{"start":{"line":15,"column":21},"end":{"line":15,"column":22}},"loc":{"start":{"line":15,"column":27},"end":{"line":21,"column":3}},"line":15},"3":{"name":"(anonymous_3)","decl":{"start":{"line":23,"column":31},"end":{"line":23,"column":32}},"loc":{"start":{"line":23,"column":39},"end":{"line":26,"column":3}},"line":23},"4":{"name":"(anonymous_4)","decl":{"start":{"line":28,"column":28},"end":{"line":28,"column":29}},"loc":{"start":{"line":29,"column":4},"end":{"line":35,"column":6}},"line":29},"5":{"name":"(anonymous_5)","decl":{"start":{"line":49,"column":28},"end":{"line":49,"column":29}},"loc":{"start":{"line":49,"column":36},"end":{"line":49,"column":40}},"line":49}},"branchMap":{"0":{"loc":{"start":{"line":16,"column":4},"end":{"line":19,"column":5}},"type":"if","locations":[{"start":{"line":16,"column":4},"end":{"line":19,"column":5}},{"start":{"line":16,"column":4},"end":{"line":19,"column":5}}],"line":16},"1":{"loc":{"start":{"line":39,"column":7},"end":{"line":59,"column":7}},"type":"binary-expr","locations":[{"start":{"line":39,"column":7},"end":{"line":39,"column":19}},{"start":{"line":40,"column":8},"end":{"line":58,"column":23}}],"line":39}},"s":{"0":1,"1":1,"2":1,"3":2,"4":1,"5":1,"6":0,"7":0,"8":0,"9":0,"10":1,"11":0,"12":0,"13":1,"14":4,"15":1,"16":4,"17":1},"f":{"0":1,"1":2,"2":0,"3":0,"4":4,"5":4},"b":{"0":[0,0],"1":[1,1]},"_coverageSchema":"1a1c01bbd47fc00a2c39e90264f33305004495a9","hash":"3e79cda2e14a0ba5f29fb2a395e718dbdd602a14"}
,"/home/willane/quizApp/src/pages/Result/Result.js": {"path":"/home/willane/quizApp/src/pages/Result/Result.js","statementMap":{"0":{"start":{"line":10,"column":15},"end":{"line":53,"column":1}},"1":{"start":{"line":11,"column":19},"end":{"line":11,"column":32}},"2":{"start":{"line":12,"column":24},"end":{"line":12,"column":60}},"3":{"start":{"line":12,"column":45},"end":{"line":12,"column":59}},"4":{"start":{"line":19,"column":6},"end":{"line":19,"column":19}},"5":{"start":{"line":20,"column":20},"end":{"line":23,"column":3}},"6":{"start":{"line":21,"column":4},"end":{"line":21,"column":22}},"7":{"start":{"line":22,"column":4},"end":{"line":22,"column":39}},"8":{"start":{"line":25,"column":4},"end":{"line":25,"column":66}},"9":{"start":{"line":26,"column":2},"end":{"line":52,"column":4}},"10":{"start":{"line":57,"column":15},"end":{"line":65,"column":2}}},"fnMap":{"0":{"name":"(anonymous_0)","decl":{"start":{"line":10,"column":15},"end":{"line":10,"column":16}},"loc":{"start":{"line":10,"column":33},"end":{"line":53,"column":1}},"line":10},"1":{"name":"(anonymous_1)","decl":{"start":{"line":12,"column":36},"end":{"line":12,"column":37}},"loc":{"start":{"line":12,"column":45},"end":{"line":12,"column":59}},"line":12},"2":{"name":"(anonymous_2)","decl":{"start":{"line":20,"column":20},"end":{"line":20,"column":21}},"loc":{"start":{"line":20,"column":26},"end":{"line":23,"column":3}},"line":20}},"branchMap":{"0":{"loc":{"start":{"line":25,"column":4},"end":{"line":25,"column":66}},"type":"cond-expr","locations":[{"start":{"line":25,"column":26},"end":{"line":25,"column":45}},{"start":{"line":25,"column":48},"end":{"line":25,"column":66}}],"line":25}},"s":{"0":1,"1":2,"2":2,"3":4,"4":2,"5":2,"6":1,"7":1,"8":2,"9":2,"10":1},"f":{"0":2,"1":4,"2":1},"b":{"0":[0,2]},"_coverageSchema":"1a1c01bbd47fc00a2c39e90264f33305004495a9","hash":"cae73163d40554220858131aa024a5f0275654c9"}
,"/home/willane/quizApp/src/utils/COLORS.js": {"path":"/home/willane/quizApp/src/utils/COLORS.js","statementMap":{},"fnMap":{},"branchMap":{},"s":{},"f":{},"b":{},"_coverageSchema":"1a1c01bbd47fc00a2c39e90264f33305004495a9","hash":"237f03623a85c56220e805fcb43cf52367da4738"}
,"/home/willane/quizApp/src/utils/calculateResult.js": {"path":"/home/willane/quizApp/src/utils/calculateResult.js","statementMap":{"0":{"start":{"line":1,"column":24},"end":{"line":18,"column":1}},"1":{"start":{"line":7,"column":17},"end":{"line":7,"column":18}},"2":{"start":{"line":8,"column":2},"end":{"line":14,"column":5}},"3":{"start":{"line":9,"column":4},"end":{"line":13,"column":7}},"4":{"start":{"line":10,"column":6},"end":{"line":12,"column":7}},"5":{"start":{"line":11,"column":8},"end":{"line":11,"column":19}},"6":{"start":{"line":15,"column":23},"end":{"line":15,"column":68}},"7":{"start":{"line":16,"column":15},"end":{"line":16,"column":69}},"8":{"start":{"line":17,"column":2},"end":{"line":17,"column":44}}},"fnMap":{"0":{"name":"(anonymous_0)","decl":{"start":{"line":1,"column":24},"end":{"line":1,"column":25}},"loc":{"start":{"line":6,"column":6},"end":{"line":18,"column":1}},"line":6},"1":{"name":"(anonymous_1)","decl":{"start":{"line":8,"column":20},"end":{"line":8,"column":21}},"loc":{"start":{"line":8,"column":32},"end":{"line":14,"column":3}},"line":8},"2":{"name":"(anonymous_2)","decl":{"start":{"line":9,"column":20},"end":{"line":9,"column":21}},"loc":{"start":{"line":9,"column":30},"end":{"line":13,"column":5}},"line":9}},"branchMap":{"0":{"loc":{"start":{"line":10,"column":6},"end":{"line":12,"column":7}},"type":"if","locations":[{"start":{"line":10,"column":6},"end":{"line":12,"column":7}},{"start":{"line":10,"column":6},"end":{"line":12,"column":7}}],"line":10},"1":{"loc":{"start":{"line":10,"column":10},"end":{"line":10,"column":72}},"type":"binary-expr","locations":[{"start":{"line":10,"column":10},"end":{"line":10,"column":35}},{"start":{"line":10,"column":39},"end":{"line":10,"column":72}}],"line":10},"2":{"loc":{"start":{"line":16,"column":15},"end":{"line":16,"column":69}},"type":"cond-expr","locations":[{"start":{"line":16,"column":50},"end":{"line":16,"column":58}},{"start":{"line":16,"column":61},"end":{"line":16,"column":69}}],"line":16}},"s":{"0":4,"1":3,"2":3,"3":6,"4":8,"5":1,"6":3,"7":3,"8":3},"f":{"0":3,"1":6,"2":8},"b":{"0":[1,7],"1":[8,4],"2":[0,3]},"_coverageSchema":"1a1c01bbd47fc00a2c39e90264f33305004495a9","hash":"c6c61c6fe1e285e71138c35609b2931a292762ee"}
,"/home/willane/quizApp/src/utils/index.js": {"path":"/home/willane/quizApp/src/utils/index.js","statementMap":{},"fnMap":{},"branchMap":{},"s":{},"f":{},"b":{},"_coverageSchema":"1a1c01bbd47fc00a2c39e90264f33305004495a9","hash":"d0fda6a6a8300a0eac7ce82c5ed1d7bd154c1f77"}
,"/home/willane/quizApp/src/utils/questions.js": {"path":"/home/willane/quizApp/src/utils/questions.js","statementMap":{},"fnMap":{},"branchMap":{},"s":{},"f":{},"b":{},"_coverageSchema":"1a1c01bbd47fc00a2c39e90264f33305004495a9","hash":"acfa2bcb8867ee027fe4c7c6461bc88a61ab8aef"}
}
