TN:
SF:src/assets/styles.js
FNF:0
FNH:0
DA:1,4
LF:1
LH:1
BRF:0
BRH:0
end_of_record
TN:
SF:src/components/Button/Button.js
FN:4,(anonymous_0)
FN:7,(anonymous_1)
FNF:2
FNH:2
FNDA:9,(anonymous_0)
FNDA:1,(anonymous_1)
DA:4,4
DA:5,9
DA:7,1
DA:16,4
LF:4
LH:4
BRF:0
BRH:0
end_of_record
TN:
SF:src/config/redux/questions.js
FN:7,(anonymous_0)
FN:14,(anonymous_1)
FN:31,(anonymous_2)
FNF:3
FNH:2
FNDA:0,(anonymous_0)
FNDA:1,(anonymous_1)
FNDA:3,(anonymous_2)
DA:4,3
DA:5,3
DA:7,3
DA:14,3
DA:16,3
DA:31,3
DA:32,3
DA:34,1
DA:38,1
DA:39,1
DA:40,1
DA:41,1
DA:42,1
DA:48,1
DA:49,1
DA:51,1
DA:64,1
DA:77,1
LF:18
LH:18
BRDA:31,0,0,0
BRDA:32,1,0,1
BRDA:32,1,1,1
BRDA:32,1,2,1
BRF:4
BRH:3
end_of_record
TN:
SF:src/pages/Home/Home.js
FN:8,(anonymous_0)
FN:19,(anonymous_1)
FN:26,(anonymous_2)
FNF:3
FNH:3
FNDA:5,(anonymous_0)
FNDA:1,(anonymous_1)
FNDA:1,(anonymous_2)
DA:8,1
DA:9,5
DA:19,1
DA:26,1
DA:37,1
LF:5
LH:5
BRF:0
BRH:0
end_of_record
TN:
SF:src/pages/Instructions/Instructions.js
FN:5,(anonymous_0)
FNF:1
FNH:1
FNDA:1,(anonymous_0)
DA:5,1
DA:6,1
DA:19,1
LF:3
LH:3
BRF:0
BRH:0
end_of_record
TN:
SF:src/pages/Question/Question.js
FN:10,(anonymous_0)
FN:12,(anonymous_1)
FN:15,(anonymous_2)
FN:23,(anonymous_3)
FN:28,(anonymous_4)
FN:49,(anonymous_5)
FNF:6
FNH:4
FNDA:1,(anonymous_0)
FNDA:2,(anonymous_1)
FNDA:0,(anonymous_2)
FNDA:0,(anonymous_3)
FNDA:4,(anonymous_4)
FNDA:4,(anonymous_5)
DA:10,1
DA:11,1
DA:12,2
DA:13,1
DA:15,1
DA:16,0
DA:17,0
DA:18,0
DA:20,0
DA:23,1
DA:24,0
DA:25,0
DA:28,1
DA:29,4
DA:37,1
DA:49,4
DA:65,1
LF:17
LH:11
BRDA:16,0,0,0
BRDA:16,0,1,0
BRDA:39,1,0,1
BRDA:39,1,1,1
BRF:4
BRH:2
end_of_record
TN:
SF:src/pages/Result/Result.js
FN:10,(anonymous_0)
FN:12,(anonymous_1)
FN:20,(anonymous_2)
FNF:3
FNH:3
FNDA:2,(anonymous_0)
FNDA:4,(anonymous_1)
FNDA:1,(anonymous_2)
DA:10,1
DA:11,2
DA:12,4
DA:19,2
DA:20,2
DA:21,1
DA:22,1
DA:25,2
DA:26,2
DA:57,1
LF:10
LH:10
BRDA:25,0,0,0
BRDA:25,0,1,2
BRF:2
BRH:1
end_of_record
TN:
SF:src/utils/COLORS.js
FNF:0
FNH:0
LF:0
LH:0
BRF:0
BRH:0
end_of_record
TN:
SF:src/utils/calculateResult.js
FN:1,(anonymous_0)
FN:8,(anonymous_1)
FN:9,(anonymous_2)
FNF:3
FNH:3
FNDA:3,(anonymous_0)
FNDA:6,(anonymous_1)
FNDA:8,(anonymous_2)
DA:1,4
DA:7,3
DA:8,3
DA:9,6
DA:10,8
DA:11,1
DA:15,3
DA:16,3
DA:17,3
LF:9
LH:9
BRDA:10,0,0,1
BRDA:10,0,1,7
BRDA:10,1,0,8
BRDA:10,1,1,4
BRDA:16,2,0,0
BRDA:16,2,1,3
BRF:6
BRH:5
end_of_record
TN:
SF:src/utils/index.js
FNF:0
FNH:0
LF:0
LH:0
BRF:0
BRH:0
end_of_record
TN:
SF:src/utils/questions.js
FNF:0
FNH:0
LF:0
LH:0
BRF:0
BRH:0
end_of_record
